-------------------------------------------------------------------------------
Test set: TestSuite
-------------------------------------------------------------------------------
Tests run: 11, Failures: 1, Errors: 0, Skipped: 0, Time elapsed: 1.374 s <<< FAILURE! - in TestSuite
openBrowser(org.example.AppTest)  Time elapsed: 0.021 s  <<< FAILURE!
java.lang.AssertionError: expected [2] but found [1]
	at org.example.AppTest.openBrowser(AppTest.java:15)

